[     330ms] [WARNING] Element not found: .steps-section @ http://localhost:3000/_next/static/chunks/b4009_next_dist_4dfa7fe1._.js:2297
[   44389ms] [ERROR] Failed to load resource: the server responded with a status of 400 (BAD_REQUEST) @ http://localhost:3000/api/auth/sign-in/email:0
[  273835ms] ReferenceError: Menu is not defined
    at Navbar (http://localhost:3000/_next/static/chunks/Drive_Projects_Aushadham_prod-varunmatta_d8e01356._.js?id=%255Bproject%255D%252FDrive%252FProjects%252FAushadham%252Fprod-varunmatta%252Fcomponents%252Flayout%252Fnavbar.tsx+%255Bapp-client%255D+%2528ecmascript%2529:404:303)
    at Object.react_stack_bottom_frame (http://localhost:3000/_next/static/chunks/b4009_next_dist_compiled_react-dom_a560661f._.js:14826:24)
    at renderWithHooks (http://localhost:3000/_next/static/chunks/b4009_next_dist_compiled_react-dom_a560661f._.js:4651:24)
    at updateFunctionComponent (http://localhost:3000/_next/static/chunks/b4009_next_dist_compiled_react-dom_a560661f._.js:6112:21)
    at beginWork (http://localhost:3000/_next/static/chunks/b4009_next_dist_compiled_react-dom_a560661f._.js:6708:24)
    at runWithFiberInDEV (http://localhost:3000/_next/static/chunks/b4009_next_dist_compiled_react-dom_a560661f._.js:965:74)
    at performUnitOfWork (http://localhost:3000/_next/static/chunks/b4009_next_dist_compiled_react-dom_a560661f._.js:9562:97)
    at workLoopSync (http://localhost:3000/_next/static/chunks/b4009_next_dist_compiled_react-dom_a560661f._.js:9456:40)
    at renderRootSync (http://localhost:3000/_next/static/chunks/b4009_next_dist_compiled_react-dom_a560661f._.js:9440:13)
    at performWorkOnRoot (http://localhost:3000/_next/static/chunks/b4009_next_dist_compiled_react-dom_a560661f._.js:9105:47)
    at performSyncWorkOnRoot (http://localhost:3000/_next/static/chunks/b4009_next_dist_compiled_react-dom_a560661f._.js:10238:9)
    at flushSyncWorkAcrossRoots_impl (http://localhost:3000/_next/static/chunks/b4009_next_dist_compiled_react-dom_a560661f._.js:10154:316)
    at flushSyncWork$1 (http://localhost:3000/_next/static/chunks/b4009_next_dist_compiled_react-dom_a560661f._.js:9237:86)
    at Object.scheduleRefresh (http://localhost:3000/_next/static/chunks/b4009_next_dist_compiled_react-dom_a560661f._.js:299:13)
    at http://localhost:3000/_next/static/chunks/b4009_next_dist_compiled_ef5fb86c._.js:391:33
    at Set.forEach (<anonymous>)
    at Object.performReactRefresh (http://localhost:3000/_next/static/chunks/b4009_next_dist_compiled_ef5fb86c._.js:384:38)
    at applyUpdate (http://localhost:3000/_next/static/chunks/b4009_next_dist_compiled_ef5fb86c._.js:878:31)
    at http://localhost:3000/_next/static/chunks/b4009_next_dist_compiled_ef5fb86c._.js:886:13
[  273848ms] InvalidStateError: Failed to execute 'getTotalLength' on 'SVGGeometryElement': This element is non-rendered element.
    at AnimationProvider.useEffect.ctx (http://localhost:3000/_next/static/chunks/Drive_Projects_Aushadham_prod-varunmatta_d8e01356._.js:3484:108)
    at Plugin.init (http://localhost:3000/_next/static/chunks/b4009_49e6615b._.js:4538:37)
    at _initTween (http://localhost:3000/_next/static/chunks/b4009_49e6615b._.js:2562:53)
    at _attemptInitTween (http://localhost:3000/_next/static/chunks/b4009_49e6615b._.js:671:5)
    at _renderZeroDurationTween (http://localhost:3000/_next/static/chunks/b4009_49e6615b._.js:705:32)
    at Tween.render (http://localhost:3000/_next/static/chunks/b4009_49e6615b._.js:2790:13)
    at new Tween (http://localhost:3000/_next/static/chunks/b4009_49e6615b._.js:2781:20)
    at Tween.set (http://localhost:3000/_next/static/chunks/b4009_49e6615b._.js:3008:16)
    at _initTween (http://localhost:3000/_next/static/chunks/b4009_49e6615b._.js:2504:54)
    at _attemptInitTween (http://localhost:3000/_next/static/chunks/b4009_49e6615b._.js:671:5)
    at Tween.render (http://localhost:3000/_next/static/chunks/b4009_49e6615b._.js:2837:21)
    at Timeline.render (http://localhost:3000/_next/static/chunks/b4009_49e6615b._.js:2061:31)
    at _lazySafeRender (http://localhost:3000/_next/static/chunks/b4009_49e6615b._.js:490:15)
    at Timeline.totalTime (http://localhost:3000/_next/static/chunks/b4009_49e6615b._.js:1654:13)
    at Timeline.totalTime (http://localhost:3000/_next/static/chunks/b4009_49e6615b._.js:2176:40)
    at Timeline.revert (http://localhost:3000/_next/static/chunks/b4009_49e6615b._.js:1732:18)
    at Tween.revert (http://localhost:3000/_next/static/chunks/b4009_49e6615b._.js:1731:44)
    at http://localhost:3000/_next/static/chunks/b4009_49e6615b._.js:3267:32
    at Array.forEach (<anonymous>)
    at http://localhost:3000/_next/static/chunks/b4009_49e6615b._.js:3266:20
    at Context.kill (http://localhost:3000/_next/static/chunks/b4009_49e6615b._.js:3286:15)
    at Context.revert (http://localhost:3000/_next/static/chunks/b4009_49e6615b._.js:3303:14)
    at AnimationProvider.useEffect (http://localhost:3000/_next/static/chunks/Drive_Projects_Aushadham_prod-varunmatta_d8e01356._.js:3561:25)
    at Object.react_stack_bottom_frame (http://localhost:3000/_next/static/chunks/b4009_next_dist_compiled_react-dom_a560661f._.js:14882:17)
    at runWithFiberInDEV (http://localhost:3000/_next/static/chunks/b4009_next_dist_compiled_react-dom_a560661f._.js:965:74)
    at commitHookEffectListUnmount (http://localhost:3000/_next/static/chunks/b4009_next_dist_compiled_react-dom_a560661f._.js:7291:166)
    at commitHookPassiveUnmountEffects (http://localhost:3000/_next/static/chunks/b4009_next_dist_compiled_react-dom_a560661f._.js:7304:60)
    at commitPassiveUnmountEffectsInsideOfDeletedTree_begin (http://localhost:3000/_next/static/chunks/b4009_next_dist_compiled_react-dom_a560661f._.js:8964:21)
    at recursivelyTraversePassiveUnmountEffects (http://localhost:3000/_next/static/chunks/b4009_next_dist_compiled_react-dom_a560661f._.js:8881:17)
    at commitPassiveUnmountOnFiber (http://localhost:3000/_next/static/chunks/b4009_next_dist_compiled_react-dom_a560661f._.js:8913:17)
    at recursivelyTraversePassiveUnmountEffects (http://localhost:3000/_next/static/chunks/b4009_next_dist_compiled_react-dom_a560661f._.js:8887:106)
    at commitPassiveUnmountOnFiber (http://localhost:3000/_next/static/chunks/b4009_next_dist_compiled_react-dom_a560661f._.js:8895:17)
    at recursivelyTraversePassiveUnmountEffects (http://localhost:3000/_next/static/chunks/b4009_next_dist_compiled_react-dom_a560661f._.js:8887:106)
    at commitPassiveUnmountOnFiber (http://localhost:3000/_next/static/chunks/b4009_next_dist_compiled_react-dom_a560661f._.js:8913:17)
    at recursivelyTraversePassiveUnmountEffects (http://localhost:3000/_next/static/chunks/b4009_next_dist_compiled_react-dom_a560661f._.js:8887:106)
    at commitPassiveUnmountOnFiber (http://localhost:3000/_next/static/chunks/b4009_next_dist_compiled_react-dom_a560661f._.js:8913:17)
    at recursivelyTraversePassiveUnmountEffects (http://localhost:3000/_next/static/chunks/b4009_next_dist_compiled_react-dom_a560661f._.js:8887:106)
    at commitPassiveUnmountOnFiber (http://localhost:3000/_next/static/chunks/b4009_next_dist_compiled_react-dom_a560661f._.js:8913:17)
    at recursivelyTraversePassiveUnmountEffects (http://localhost:3000/_next/static/chunks/b4009_next_dist_compiled_react-dom_a560661f._.js:8887:106)
    at commitPassiveUnmountOnFiber (http://localhost:3000/_next/static/chunks/b4009_next_dist_compiled_react-dom_a560661f._.js:8913:17)
    at recursivelyTraversePassiveUnmountEffects (http://localhost:3000/_next/static/chunks/b4009_next_dist_compiled_react-dom_a560661f._.js:8887:106)
    at commitPassiveUnmountOnFiber (http://localhost:3000/_next/static/chunks/b4009_next_dist_compiled_react-dom_a560661f._.js:8913:17)
    at recursivelyTraversePassiveUnmountEffects (http://localhost:3000/_next/static/chunks/b4009_next_dist_compiled_react-dom_a560661f._.js:8887:106)
    at commitPassiveUnmountOnFiber (http://localhost:3000/_next/static/chunks/b4009_next_dist_compiled_react-dom_a560661f._.js:8913:17)
    at recursivelyTraversePassiveUnmountEffects (http://localhost:3000/_next/static/chunks/b4009_next_dist_compiled_react-dom_a560661f._.js:8887:106)
    at commitPassiveUnmountOnFiber (http://localhost:3000/_next/static/chunks/b4009_next_dist_compiled_react-dom_a560661f._.js:8913:17)
    at recursivelyTraversePassiveUnmountEffects (http://localhost:3000/_next/static/chunks/b4009_next_dist_compiled_react-dom_a560661f._.js:8887:106)
    at commitPassiveUnmountOnFiber (http://localhost:3000/_next/static/chunks/b4009_next_dist_compiled_react-dom_a560661f._.js:8895:17)
    at recursivelyTraversePassiveUnmountEffects (http://localhost:3000/_next/static/chunks/b4009_next_dist_compiled_react-dom_a560661f._.js:8887:106)
    at commitPassiveUnmountOnFiber (http://localhost:3000/_next/static/chunks/b4009_next_dist_compiled_react-dom_a560661f._.js:8913:17)
[  280980ms] [WARNING] [Fast Refresh] performing full reload because your application had an unrecoverable error @ http://localhost:3000/_next/static/chunks/b4009_next_dist_4dfa7fe1._.js:2297
[  280998ms] ReferenceError: menuOpen is not defined
    at Navbar (http://localhost:3000/_next/static/chunks/Drive_Projects_Aushadham_prod-varunmatta_d8e01356._.js?id=%255Bproject%255D%252FDrive%252FProjects%252FAushadham%252Fprod-varunmatta%252Fcomponents%252Flayout%252Fnavbar.tsx+%255Bapp-client%255D+%2528ecmascript%2529:417:43)
    at Object.react_stack_bottom_frame (http://localhost:3000/_next/static/chunks/b4009_next_dist_compiled_react-dom_a560661f._.js:14826:24)
    at renderWithHooks (http://localhost:3000/_next/static/chunks/b4009_next_dist_compiled_react-dom_a560661f._.js:4651:24)
    at updateFunctionComponent (http://localhost:3000/_next/static/chunks/b4009_next_dist_compiled_react-dom_a560661f._.js:6112:21)
    at beginWork (http://localhost:3000/_next/static/chunks/b4009_next_dist_compiled_react-dom_a560661f._.js:6687:639)
    at runWithFiberInDEV (http://localhost:3000/_next/static/chunks/b4009_next_dist_compiled_react-dom_a560661f._.js:965:74)
    at performUnitOfWork (http://localhost:3000/_next/static/chunks/b4009_next_dist_compiled_react-dom_a560661f._.js:9562:97)
    at workLoopSync (http://localhost:3000/_next/static/chunks/b4009_next_dist_compiled_react-dom_a560661f._.js:9456:40)
    at renderRootSync (http://localhost:3000/_next/static/chunks/b4009_next_dist_compiled_react-dom_a560661f._.js:9440:13)
    at performWorkOnRoot (http://localhost:3000/_next/static/chunks/b4009_next_dist_compiled_react-dom_a560661f._.js:9105:47)
    at performSyncWorkOnRoot (http://localhost:3000/_next/static/chunks/b4009_next_dist_compiled_react-dom_a560661f._.js:10238:9)
    at flushSyncWorkAcrossRoots_impl (http://localhost:3000/_next/static/chunks/b4009_next_dist_compiled_react-dom_a560661f._.js:10154:316)
    at flushSyncWork$1 (http://localhost:3000/_next/static/chunks/b4009_next_dist_compiled_react-dom_a560661f._.js:9237:86)
    at Object.scheduleRefresh (http://localhost:3000/_next/static/chunks/b4009_next_dist_compiled_react-dom_a560661f._.js:299:13)
    at http://localhost:3000/_next/static/chunks/b4009_next_dist_compiled_ef5fb86c._.js:391:33
    at Set.forEach (<anonymous>)
    at Object.performReactRefresh (http://localhost:3000/_next/static/chunks/b4009_next_dist_compiled_ef5fb86c._.js:384:38)
    at applyUpdate (http://localhost:3000/_next/static/chunks/b4009_next_dist_compiled_ef5fb86c._.js:878:31)
    at http://localhost:3000/_next/static/chunks/b4009_next_dist_compiled_ef5fb86c._.js:886:13
[  281246ms] [ERROR] Failed to load resource: the server responded with a status of 500 (Internal Server Error) @ http://localhost:3000/:0
[  281377ms] ReferenceError: menuOpen is not defined
    at Navbar (http://localhost:3000/_next/static/chunks/Drive_Projects_Aushadham_prod-varunmatta_d8e01356._.js:418:43)
    at Object.react_stack_bottom_frame (http://localhost:3000/_next/static/chunks/b4009_next_dist_compiled_react-dom_a560661f._.js:14826:24)
    at renderWithHooks (http://localhost:3000/_next/static/chunks/b4009_next_dist_compiled_react-dom_a560661f._.js:4651:24)
    at updateFunctionComponent (http://localhost:3000/_next/static/chunks/b4009_next_dist_compiled_react-dom_a560661f._.js:6112:21)
    at beginWork (http://localhost:3000/_next/static/chunks/b4009_next_dist_compiled_react-dom_a560661f._.js:6687:639)
    at runWithFiberInDEV (http://localhost:3000/_next/static/chunks/b4009_next_dist_compiled_react-dom_a560661f._.js:965:74)
    at performUnitOfWork (http://localhost:3000/_next/static/chunks/b4009_next_dist_compiled_react-dom_a560661f._.js:9562:97)
    at workLoopSync (http://localhost:3000/_next/static/chunks/b4009_next_dist_compiled_react-dom_a560661f._.js:9456:40)
    at renderRootSync (http://localhost:3000/_next/static/chunks/b4009_next_dist_compiled_react-dom_a560661f._.js:9440:13)
    at performWorkOnRoot (http://localhost:3000/_next/static/chunks/b4009_next_dist_compiled_react-dom_a560661f._.js:9105:47)
    at performWorkOnRootViaSchedulerTask (http://localhost:3000/_next/static/chunks/b4009_next_dist_compiled_react-dom_a560661f._.js:10230:9)
    at MessagePort.performWorkUntilDeadline (http://localhost:3000/_next/static/chunks/b4009_next_dist_compiled_ef5fb86c._.js:2647:64)
[  284390ms] [WARNING] The resource http://localhost:3000/_next/static/chunks/%5Broot-of-the-server%5D__fb399637._.css was preloaded using link preload but not used within a few seconds from the window's load event. Please make sure it has an appropriate `as` value and it is preloaded intentionally. @ http://localhost:3000/:0
[  284390ms] [WARNING] The resource http://localhost:3000/_next/static/media/83afe278b6a6bb3c-s.p.3a6ba036.woff2 was preloaded using link preload but not used within a few seconds from the window's load event. Please make sure it has an appropriate `as` value and it is preloaded intentionally. @ http://localhost:3000/:0
[  285847ms] [WARNING] [Fast Refresh] performing full reload because your application had an unrecoverable error @ http://localhost:3000/_next/static/chunks/b4009_next_dist_4dfa7fe1._.js:2297
[  286049ms] [ERROR] Failed to load resource: the server responded with a status of 500 (Internal Server Error) @ http://localhost:3000/:0
[  286171ms] ReferenceError: menuOpen is not defined
    at Navbar (http://localhost:3000/_next/static/chunks/Drive_Projects_Aushadham_prod-varunmatta_d8e01356._.js:419:43)
    at Object.react_stack_bottom_frame (http://localhost:3000/_next/static/chunks/b4009_next_dist_compiled_react-dom_a560661f._.js:14826:24)
    at renderWithHooks (http://localhost:3000/_next/static/chunks/b4009_next_dist_compiled_react-dom_a560661f._.js:4651:24)
    at updateFunctionComponent (http://localhost:3000/_next/static/chunks/b4009_next_dist_compiled_react-dom_a560661f._.js:6112:21)
    at beginWork (http://localhost:3000/_next/static/chunks/b4009_next_dist_compiled_react-dom_a560661f._.js:6687:639)
    at runWithFiberInDEV (http://localhost:3000/_next/static/chunks/b4009_next_dist_compiled_react-dom_a560661f._.js:965:74)
    at performUnitOfWork (http://localhost:3000/_next/static/chunks/b4009_next_dist_compiled_react-dom_a560661f._.js:9562:97)
    at workLoopSync (http://localhost:3000/_next/static/chunks/b4009_next_dist_compiled_react-dom_a560661f._.js:9456:40)
    at renderRootSync (http://localhost:3000/_next/static/chunks/b4009_next_dist_compiled_react-dom_a560661f._.js:9440:13)
    at performWorkOnRoot (http://localhost:3000/_next/static/chunks/b4009_next_dist_compiled_react-dom_a560661f._.js:9105:47)
    at performWorkOnRootViaSchedulerTask (http://localhost:3000/_next/static/chunks/b4009_next_dist_compiled_react-dom_a560661f._.js:10230:9)
    at MessagePort.performWorkUntilDeadline (http://localhost:3000/_next/static/chunks/b4009_next_dist_compiled_ef5fb86c._.js:2647:64)
[  289177ms] [WARNING] The resource http://localhost:3000/_next/static/chunks/%5Broot-of-the-server%5D__fb399637._.css was preloaded using link preload but not used within a few seconds from the window's load event. Please make sure it has an appropriate `as` value and it is preloaded intentionally. @ http://localhost:3000/:0
[  289177ms] [WARNING] The resource http://localhost:3000/_next/static/media/83afe278b6a6bb3c-s.p.3a6ba036.woff2 was preloaded using link preload but not used within a few seconds from the window's load event. Please make sure it has an appropriate `as` value and it is preloaded intentionally. @ http://localhost:3000/:0
[  291908ms] [WARNING] [Fast Refresh] performing full reload because your application had an unrecoverable error @ http://localhost:3000/_next/static/chunks/b4009_next_dist_4dfa7fe1._.js:2297
[  292113ms] [ERROR] Failed to load resource: the server responded with a status of 500 (Internal Server Error) @ http://localhost:3000/:0
[  292232ms] ReferenceError: menuOpen is not defined
    at Navbar (http://localhost:3000/_next/static/chunks/Drive_Projects_Aushadham_prod-varunmatta_d8e01356._.js:421:21)
    at Object.react_stack_bottom_frame (http://localhost:3000/_next/static/chunks/b4009_next_dist_compiled_react-dom_a560661f._.js:14826:24)
    at renderWithHooks (http://localhost:3000/_next/static/chunks/b4009_next_dist_compiled_react-dom_a560661f._.js:4651:24)
    at updateFunctionComponent (http://localhost:3000/_next/static/chunks/b4009_next_dist_compiled_react-dom_a560661f._.js:6112:21)
    at beginWork (http://localhost:3000/_next/static/chunks/b4009_next_dist_compiled_react-dom_a560661f._.js:6687:639)
    at runWithFiberInDEV (http://localhost:3000/_next/static/chunks/b4009_next_dist_compiled_react-dom_a560661f._.js:965:74)
    at performUnitOfWork (http://localhost:3000/_next/static/chunks/b4009_next_dist_compiled_react-dom_a560661f._.js:9562:97)
    at workLoopSync (http://localhost:3000/_next/static/chunks/b4009_next_dist_compiled_react-dom_a560661f._.js:9456:40)
    at renderRootSync (http://localhost:3000/_next/static/chunks/b4009_next_dist_compiled_react-dom_a560661f._.js:9440:13)
    at performWorkOnRoot (http://localhost:3000/_next/static/chunks/b4009_next_dist_compiled_react-dom_a560661f._.js:9105:47)
    at performWorkOnRootViaSchedulerTask (http://localhost:3000/_next/static/chunks/b4009_next_dist_compiled_react-dom_a560661f._.js:10230:9)
    at MessagePort.performWorkUntilDeadline (http://localhost:3000/_next/static/chunks/b4009_next_dist_compiled_ef5fb86c._.js:2647:64)
[  295241ms] [WARNING] The resource http://localhost:3000/_next/static/chunks/%5Broot-of-the-server%5D__fb399637._.css was preloaded using link preload but not used within a few seconds from the window's load event. Please make sure it has an appropriate `as` value and it is preloaded intentionally. @ http://localhost:3000/:0
[  295241ms] [WARNING] The resource http://localhost:3000/_next/static/media/83afe278b6a6bb3c-s.p.3a6ba036.woff2 was preloaded using link preload but not used within a few seconds from the window's load event. Please make sure it has an appropriate `as` value and it is preloaded intentionally. @ http://localhost:3000/:0
[  303733ms] [WARNING] [Fast Refresh] performing full reload because your application had an unrecoverable error @ http://localhost:3000/_next/static/chunks/b4009_next_dist_4dfa7fe1._.js:2297
[  304116ms] [WARNING] Element not found: .steps-section @ http://localhost:3000/_next/static/chunks/b4009_next_dist_4dfa7fe1._.js:2297
[  313008ms] ReferenceError: useState is not defined
    at HeroSection (http://localhost:3000/_next/static/chunks/Drive_Projects_Aushadham_prod-varunmatta_d8e01356._.js?id=%255Bproject%255D%252FDrive%252FProjects%252FAushadham%252Fprod-varunmatta%252Fcomponents%252Fsections%252Fhero-section.tsx+%255Bapp-client%255D+%2528ecmascript%2529:655:41)
    at Object.react_stack_bottom_frame (http://localhost:3000/_next/static/chunks/b4009_next_dist_compiled_react-dom_a560661f._.js:14826:24)
    at renderWithHooks (http://localhost:3000/_next/static/chunks/b4009_next_dist_compiled_react-dom_a560661f._.js:4651:24)
    at updateFunctionComponent (http://localhost:3000/_next/static/chunks/b4009_next_dist_compiled_react-dom_a560661f._.js:6112:21)
    at beginWork (http://localhost:3000/_next/static/chunks/b4009_next_dist_compiled_react-dom_a560661f._.js:6708:24)
    at runWithFiberInDEV (http://localhost:3000/_next/static/chunks/b4009_next_dist_compiled_react-dom_a560661f._.js:965:74)
    at performUnitOfWork (http://localhost:3000/_next/static/chunks/b4009_next_dist_compiled_react-dom_a560661f._.js:9562:97)
    at workLoopSync (http://localhost:3000/_next/static/chunks/b4009_next_dist_compiled_react-dom_a560661f._.js:9456:40)
    at renderRootSync (http://localhost:3000/_next/static/chunks/b4009_next_dist_compiled_react-dom_a560661f._.js:9440:13)
    at performWorkOnRoot (http://localhost:3000/_next/static/chunks/b4009_next_dist_compiled_react-dom_a560661f._.js:9105:47)
    at performSyncWorkOnRoot (http://localhost:3000/_next/static/chunks/b4009_next_dist_compiled_react-dom_a560661f._.js:10238:9)
    at flushSyncWorkAcrossRoots_impl (http://localhost:3000/_next/static/chunks/b4009_next_dist_compiled_react-dom_a560661f._.js:10154:316)
    at flushSyncWork$1 (http://localhost:3000/_next/static/chunks/b4009_next_dist_compiled_react-dom_a560661f._.js:9237:86)
    at Object.scheduleRefresh (http://localhost:3000/_next/static/chunks/b4009_next_dist_compiled_react-dom_a560661f._.js:299:13)
    at http://localhost:3000/_next/static/chunks/b4009_next_dist_compiled_ef5fb86c._.js:391:33
    at Set.forEach (<anonymous>)
    at Object.performReactRefresh (http://localhost:3000/_next/static/chunks/b4009_next_dist_compiled_ef5fb86c._.js:384:38)
    at applyUpdate (http://localhost:3000/_next/static/chunks/b4009_next_dist_compiled_ef5fb86c._.js:878:31)
    at http://localhost:3000/_next/static/chunks/b4009_next_dist_compiled_ef5fb86c._.js:886:13
[  313012ms] InvalidStateError: Failed to execute 'getTotalLength' on 'SVGGeometryElement': This element is non-rendered element.
    at AnimationProvider.useEffect.ctx (http://localhost:3000/_next/static/chunks/Drive_Projects_Aushadham_prod-varunmatta_d8e01356._.js:3379:108)
    at Plugin.init (http://localhost:3000/_next/static/chunks/b4009_49e6615b._.js:4538:37)
    at _initTween (http://localhost:3000/_next/static/chunks/b4009_49e6615b._.js:2562:53)
    at _attemptInitTween (http://localhost:3000/_next/static/chunks/b4009_49e6615b._.js:671:5)
    at _renderZeroDurationTween (http://localhost:3000/_next/static/chunks/b4009_49e6615b._.js:705:32)
    at Tween.render (http://localhost:3000/_next/static/chunks/b4009_49e6615b._.js:2790:13)
    at new Tween (http://localhost:3000/_next/static/chunks/b4009_49e6615b._.js:2781:20)
    at Tween.set (http://localhost:3000/_next/static/chunks/b4009_49e6615b._.js:3008:16)
    at _initTween (http://localhost:3000/_next/static/chunks/b4009_49e6615b._.js:2504:54)
    at _attemptInitTween (http://localhost:3000/_next/static/chunks/b4009_49e6615b._.js:671:5)
    at Tween.render (http://localhost:3000/_next/static/chunks/b4009_49e6615b._.js:2837:21)
    at Timeline.render (http://localhost:3000/_next/static/chunks/b4009_49e6615b._.js:2061:31)
    at _lazySafeRender (http://localhost:3000/_next/static/chunks/b4009_49e6615b._.js:490:15)
    at Timeline.totalTime (http://localhost:3000/_next/static/chunks/b4009_49e6615b._.js:1654:13)
    at Timeline.totalTime (http://localhost:3000/_next/static/chunks/b4009_49e6615b._.js:2176:40)
    at Timeline.revert (http://localhost:3000/_next/static/chunks/b4009_49e6615b._.js:1732:18)
    at Tween.revert (http://localhost:3000/_next/static/chunks/b4009_49e6615b._.js:1731:44)
    at http://localhost:3000/_next/static/chunks/b4009_49e6615b._.js:3267:32
    at Array.forEach (<anonymous>)
    at http://localhost:3000/_next/static/chunks/b4009_49e6615b._.js:3266:20
    at Context.kill (http://localhost:3000/_next/static/chunks/b4009_49e6615b._.js:3286:15)
    at Context.revert (http://localhost:3000/_next/static/chunks/b4009_49e6615b._.js:3303:14)
    at AnimationProvider.useEffect (http://localhost:3000/_next/static/chunks/Drive_Projects_Aushadham_prod-varunmatta_d8e01356._.js:3456:25)
    at Object.react_stack_bottom_frame (http://localhost:3000/_next/static/chunks/b4009_next_dist_compiled_react-dom_a560661f._.js:14882:17)
    at runWithFiberInDEV (http://localhost:3000/_next/static/chunks/b4009_next_dist_compiled_react-dom_a560661f._.js:965:74)
    at commitHookEffectListUnmount (http://localhost:3000/_next/static/chunks/b4009_next_dist_compiled_react-dom_a560661f._.js:7291:166)
    at commitHookPassiveUnmountEffects (http://localhost:3000/_next/static/chunks/b4009_next_dist_compiled_react-dom_a560661f._.js:7304:60)
    at commitPassiveUnmountEffectsInsideOfDeletedTree_begin (http://localhost:3000/_next/static/chunks/b4009_next_dist_compiled_react-dom_a560661f._.js:8964:21)
    at recursivelyTraversePassiveUnmountEffects (http://localhost:3000/_next/static/chunks/b4009_next_dist_compiled_react-dom_a560661f._.js:8881:17)
    at commitPassiveUnmountOnFiber (http://localhost:3000/_next/static/chunks/b4009_next_dist_compiled_react-dom_a560661f._.js:8913:17)
    at recursivelyTraversePassiveUnmountEffects (http://localhost:3000/_next/static/chunks/b4009_next_dist_compiled_react-dom_a560661f._.js:8887:106)
    at commitPassiveUnmountOnFiber (http://localhost:3000/_next/static/chunks/b4009_next_dist_compiled_react-dom_a560661f._.js:8895:17)
    at recursivelyTraversePassiveUnmountEffects (http://localhost:3000/_next/static/chunks/b4009_next_dist_compiled_react-dom_a560661f._.js:8887:106)
    at commitPassiveUnmountOnFiber (http://localhost:3000/_next/static/chunks/b4009_next_dist_compiled_react-dom_a560661f._.js:8913:17)
    at recursivelyTraversePassiveUnmountEffects (http://localhost:3000/_next/static/chunks/b4009_next_dist_compiled_react-dom_a560661f._.js:8887:106)
    at commitPassiveUnmountOnFiber (http://localhost:3000/_next/static/chunks/b4009_next_dist_compiled_react-dom_a560661f._.js:8913:17)
    at recursivelyTraversePassiveUnmountEffects (http://localhost:3000/_next/static/chunks/b4009_next_dist_compiled_react-dom_a560661f._.js:8887:106)
    at commitPassiveUnmountOnFiber (http://localhost:3000/_next/static/chunks/b4009_next_dist_compiled_react-dom_a560661f._.js:8913:17)
    at recursivelyTraversePassiveUnmountEffects (http://localhost:3000/_next/static/chunks/b4009_next_dist_compiled_react-dom_a560661f._.js:8887:106)
    at commitPassiveUnmountOnFiber (http://localhost:3000/_next/static/chunks/b4009_next_dist_compiled_react-dom_a560661f._.js:8913:17)
    at recursivelyTraversePassiveUnmountEffects (http://localhost:3000/_next/static/chunks/b4009_next_dist_compiled_react-dom_a560661f._.js:8887:106)
    at commitPassiveUnmountOnFiber (http://localhost:3000/_next/static/chunks/b4009_next_dist_compiled_react-dom_a560661f._.js:8913:17)
    at recursivelyTraversePassiveUnmountEffects (http://localhost:3000/_next/static/chunks/b4009_next_dist_compiled_react-dom_a560661f._.js:8887:106)
    at commitPassiveUnmountOnFiber (http://localhost:3000/_next/static/chunks/b4009_next_dist_compiled_react-dom_a560661f._.js:8913:17)
    at recursivelyTraversePassiveUnmountEffects (http://localhost:3000/_next/static/chunks/b4009_next_dist_compiled_react-dom_a560661f._.js:8887:106)
    at commitPassiveUnmountOnFiber (http://localhost:3000/_next/static/chunks/b4009_next_dist_compiled_react-dom_a560661f._.js:8913:17)
    at recursivelyTraversePassiveUnmountEffects (http://localhost:3000/_next/static/chunks/b4009_next_dist_compiled_react-dom_a560661f._.js:8887:106)
    at commitPassiveUnmountOnFiber (http://localhost:3000/_next/static/chunks/b4009_next_dist_compiled_react-dom_a560661f._.js:8895:17)
    at recursivelyTraversePassiveUnmountEffects (http://localhost:3000/_next/static/chunks/b4009_next_dist_compiled_react-dom_a560661f._.js:8887:106)
    at commitPassiveUnmountOnFiber (http://localhost:3000/_next/static/chunks/b4009_next_dist_compiled_react-dom_a560661f._.js:8913:17)
[  316569ms] [WARNING] [Fast Refresh] performing full reload because your application had an unrecoverable error @ http://localhost:3000/_next/static/chunks/b4009_next_dist_4dfa7fe1._.js:2297
[  316590ms] ReferenceError: ctaLoading is not defined
    at HeroSection (http://localhost:3000/_next/static/chunks/Drive_Projects_Aushadham_prod-varunmatta_d8e01356._.js?id=%255Bproject%255D%252FDrive%252FProjects%252FAushadham%252Fprod-varunmatta%252Fcomponents%252Fsections%252Fhero-section.tsx+%255Bapp-client%255D+%2528ecmascript%2529:783:47)
    at Object.react_stack_bottom_frame (http://localhost:3000/_next/static/chunks/b4009_next_dist_compiled_react-dom_a560661f._.js:14826:24)
    at renderWithHooks (http://localhost:3000/_next/static/chunks/b4009_next_dist_compiled_react-dom_a560661f._.js:4651:24)
    at updateFunctionComponent (http://localhost:3000/_next/static/chunks/b4009_next_dist_compiled_react-dom_a560661f._.js:6112:21)
    at beginWork (http://localhost:3000/_next/static/chunks/b4009_next_dist_compiled_react-dom_a560661f._.js:6687:639)
    at runWithFiberInDEV (http://localhost:3000/_next/static/chunks/b4009_next_dist_compiled_react-dom_a560661f._.js:965:74)
    at performUnitOfWork (http://localhost:3000/_next/static/chunks/b4009_next_dist_compiled_react-dom_a560661f._.js:9562:97)
    at workLoopSync (http://localhost:3000/_next/static/chunks/b4009_next_dist_compiled_react-dom_a560661f._.js:9456:40)
    at renderRootSync (http://localhost:3000/_next/static/chunks/b4009_next_dist_compiled_react-dom_a560661f._.js:9440:13)
    at performWorkOnRoot (http://localhost:3000/_next/static/chunks/b4009_next_dist_compiled_react-dom_a560661f._.js:9105:47)
    at performSyncWorkOnRoot (http://localhost:3000/_next/static/chunks/b4009_next_dist_compiled_react-dom_a560661f._.js:10238:9)
    at flushSyncWorkAcrossRoots_impl (http://localhost:3000/_next/static/chunks/b4009_next_dist_compiled_react-dom_a560661f._.js:10154:316)
    at flushSyncWork$1 (http://localhost:3000/_next/static/chunks/b4009_next_dist_compiled_react-dom_a560661f._.js:9237:86)
    at Object.scheduleRefresh (http://localhost:3000/_next/static/chunks/b4009_next_dist_compiled_react-dom_a560661f._.js:299:13)
    at http://localhost:3000/_next/static/chunks/b4009_next_dist_compiled_ef5fb86c._.js:391:33
    at Set.forEach (<anonymous>)
    at Object.performReactRefresh (http://localhost:3000/_next/static/chunks/b4009_next_dist_compiled_ef5fb86c._.js:384:38)
    at applyUpdate (http://localhost:3000/_next/static/chunks/b4009_next_dist_compiled_ef5fb86c._.js:878:31)
    at http://localhost:3000/_next/static/chunks/b4009_next_dist_compiled_ef5fb86c._.js:886:13
[  316866ms] [ERROR] Failed to load resource: the server responded with a status of 500 (Internal Server Error) @ http://localhost:3000/:0
[  317013ms] ReferenceError: ctaLoading is not defined
    at HeroSection (http://localhost:3000/_next/static/chunks/Drive_Projects_Aushadham_prod-varunmatta_d8e01356._.js:1379:47)
    at Object.react_stack_bottom_frame (http://localhost:3000/_next/static/chunks/b4009_next_dist_compiled_react-dom_a560661f._.js:14826:24)
    at renderWithHooks (http://localhost:3000/_next/static/chunks/b4009_next_dist_compiled_react-dom_a560661f._.js:4651:24)
    at updateFunctionComponent (http://localhost:3000/_next/static/chunks/b4009_next_dist_compiled_react-dom_a560661f._.js:6112:21)
    at beginWork (http://localhost:3000/_next/static/chunks/b4009_next_dist_compiled_react-dom_a560661f._.js:6687:639)
    at runWithFiberInDEV (http://localhost:3000/_next/static/chunks/b4009_next_dist_compiled_react-dom_a560661f._.js:965:74)
    at performUnitOfWork (http://localhost:3000/_next/static/chunks/b4009_next_dist_compiled_react-dom_a560661f._.js:9562:97)
    at workLoopSync (http://localhost:3000/_next/static/chunks/b4009_next_dist_compiled_react-dom_a560661f._.js:9456:40)
    at renderRootSync (http://localhost:3000/_next/static/chunks/b4009_next_dist_compiled_react-dom_a560661f._.js:9440:13)
    at performWorkOnRoot (http://localhost:3000/_next/static/chunks/b4009_next_dist_compiled_react-dom_a560661f._.js:9068:186)
    at performWorkOnRootViaSchedulerTask (http://localhost:3000/_next/static/chunks/b4009_next_dist_compiled_react-dom_a560661f._.js:10230:9)
    at MessagePort.performWorkUntilDeadline (http://localhost:3000/_next/static/chunks/b4009_next_dist_compiled_ef5fb86c._.js:2647:64)
[  319629ms] [WARNING] [Fast Refresh] performing full reload because your application had an unrecoverable error @ http://localhost:3000/_next/static/chunks/b4009_next_dist_4dfa7fe1._.js:2297
[  320060ms] [WARNING] Element not found: .steps-section @ http://localhost:3000/_next/static/chunks/b4009_next_dist_4dfa7fe1._.js:2297
